<?xml version="1.0" encoding="UTF-8"?>
<testng-results ignored="0" total="2" passed="2" failed="0" skipped="0">
  <reporter-output>
  </reporter-output>
  <suite started-at="2021-12-06T12:07:25 EST" name="Suite" finished-at="2021-12-06T12:07:34 EST" duration-ms="9349">
    <groups>
    </groups>
    <test started-at="2021-12-06T12:07:25 EST" name="Test" finished-at="2021-12-06T12:07:34 EST" duration-ms="9349">
      <class name="Weather.Shopping.EndToEndBuyProduct">
        <test-method is-config="true" signature="initilize()[pri:0, instance:Weather.Shopping.EndToEndBuyProduct@cc6460c]" started-at="2021-12-06T12:07:25 EST" name="initilize" finished-at="2021-12-06T12:07:27 EST" duration-ms="2470" status="PASS">
          <reporter-output>
          </reporter-output>
        </test-method> <!-- initilize -->
        <test-method signature="addToCartProduct()[pri:0, instance:Weather.Shopping.EndToEndBuyProduct@cc6460c]" started-at="2021-12-06T12:07:27 EST" name="addToCartProduct" finished-at="2021-12-06T12:07:29 EST" duration-ms="1890" status="PASS">
          <reporter-output>
          </reporter-output>
        </test-method> <!-- addToCartProduct -->
        <test-method signature="checkout()[pri:0, instance:Weather.Shopping.EndToEndBuyProduct@cc6460c]" started-at="2021-12-06T12:07:29 EST" name="checkout" finished-at="2021-12-06T12:07:34 EST" depends-on-methods="Weather.Shopping.EndToEndBuyProduct.addToCartProduct" duration-ms="4615" status="PASS">
          <reporter-output>
          </reporter-output>
        </test-method> <!-- checkout -->
        <test-method is-config="true" signature="taerdown()[pri:0, instance:Weather.Shopping.EndToEndBuyProduct@cc6460c]" started-at="2021-12-06T12:07:34 EST" name="taerdown" finished-at="2021-12-06T12:07:34 EST" duration-ms="96" status="PASS">
          <reporter-output>
          </reporter-output>
        </test-method> <!-- taerdown -->
      </class> <!-- Weather.Shopping.EndToEndBuyProduct -->
    </test> <!-- Test -->
  </suite> <!-- Suite -->
</testng-results>
